Flow report for RegFile
Thu Nov 21 18:16:07 2013
Quartus II 32-bit Version 13.0.1 Build 232 06/12/2013 Service Pack 1 SJ Web Edition


---------------------
; Table of Contents ;
---------------------
  1. Legal Notice
  2. Flow Summary
  3. Flow Settings
  4. Flow Non-Default Global Settings
  5. Flow Elapsed Time
  6. Flow OS Summary
  7. Flow Log
  8. Flow Messages
  9. Flow Suppressed Messages



----------------
; Legal Notice ;
----------------
Copyright (C) 1991-2013 Altera Corporation
Your use of Altera Corporation's design tools, logic functions 
and other software and tools, and its AMPP partner logic 
functions, and any output files from any of the foregoing 
(including device programming or simulation files), and any 
associated documentation or information are expressly subject 
to the terms and conditions of the Altera Program License 
Subscription Agreement, Altera MegaCore Function License 
Agreement, or other applicable license agreement, including, 
without limitation, that your use is for the sole purpose of 
programming logic devices manufactured by Altera and sold by 
Altera or its authorized distributors.  Please refer to the 
applicable agreement for further details.



+--------------------------------------------------------------------------------------+
; Flow Summary                                                                         ;
+------------------------------------+-------------------------------------------------+
; Flow Status                        ; Successful - Thu Nov 21 18:16:07 2013           ;
; Quartus II 32-bit Version          ; 13.0.1 Build 232 06/12/2013 SP 1 SJ Web Edition ;
; Revision Name                      ; RegFile                                         ;
; Top-level Entity Name              ; RegFile                                         ;
; Family                             ; Cyclone II                                      ;
; Device                             ; EP2C35F672C6                                    ;
; Timing Models                      ; Final                                           ;
; Total logic elements               ; 4,194 / 33,216 ( 13 % )                         ;
;     Total combinational functions  ; 3,798 / 33,216 ( 11 % )                         ;
;     Dedicated logic registers      ; 1,508 / 33,216 ( 5 % )                          ;
; Total registers                    ; 1508                                            ;
; Total pins                         ; 110 / 475 ( 23 % )                              ;
; Total virtual pins                 ; 0                                               ;
; Total memory bits                  ; 65,536 / 483,840 ( 14 % )                       ;
; Embedded Multiplier 9-bit elements ; 0 / 70 ( 0 % )                                  ;
; Total PLLs                         ; 0 / 4 ( 0 % )                                   ;
+------------------------------------+-------------------------------------------------+


+-----------------------------------------+
; Flow Settings                           ;
+-------------------+---------------------+
; Option            ; Setting             ;
+-------------------+---------------------+
; Start date & time ; 11/21/2013 16:57:39 ;
; Main task         ; Compilation         ;
; Revision Name     ; RegFile             ;
+-------------------+---------------------+


+------------------------------------------------------------------------------------------------------------------------+
; Flow Non-Default Global Settings                                                                                       ;
+-------------------------------------+---------------------------------------+---------------+-------------+------------+
; Assignment Name                     ; Value                                 ; Default Value ; Entity Name ; Section Id ;
+-------------------------------------+---------------------------------------+---------------+-------------+------------+
; COMPILER_SIGNATURE_ID               ; 8796757419259.138507105900424         ; --            ; --          ; --         ;
; IP_TOOL_NAME                        ; RAM: 2-PORT                           ; --            ; --          ; --         ;
; IP_TOOL_NAME                        ; ROM: 2-PORT                           ; --            ; --          ; --         ;
; IP_TOOL_VERSION                     ; 13.0                                  ; --            ; --          ; --         ;
; IP_TOOL_VERSION                     ; 13.0                                  ; --            ; --          ; --         ;
; MAX_CORE_JUNCTION_TEMP              ; 85                                    ; --            ; --          ; --         ;
; MIN_CORE_JUNCTION_TEMP              ; 0                                     ; --            ; --          ; --         ;
; MISC_FILE                           ; ramlpm.bsf                            ; --            ; --          ; --         ;
; MISC_FILE                           ; ramlpm_bb.v                           ; --            ; --          ; --         ;
; MISC_FILE                           ; romlpm.bsf                            ; --            ; --          ; --         ;
; MISC_FILE                           ; romlpm_bb.v                           ; --            ; --          ; --         ;
; PARTITION_COLOR                     ; 16764057                              ; --            ; --          ; Top        ;
; PARTITION_FITTER_PRESERVATION_LEVEL ; PLACEMENT_AND_ROUTING                 ; --            ; --          ; Top        ;
; PARTITION_NETLIST_TYPE              ; SOURCE                                ; --            ; --          ; Top        ;
; POWER_BOARD_THERMAL_MODEL           ; None (CONSERVATIVE)                   ; --            ; --          ; --         ;
; POWER_PRESET_COOLING_SOLUTION       ; 23 MM HEAT SINK WITH 200 LFPM AIRFLOW ; --            ; --          ; --         ;
; PROJECT_OUTPUT_DIRECTORY            ; output_files                          ; --            ; --          ; --         ;
; SMART_RECOMPILE                     ; On                                    ; Off           ; --          ; --         ;
+-------------------------------------+---------------------------------------+---------------+-------------+------------+


+-------------------------------------------------------------------------------------------------------------------------------+
; Flow Elapsed Time                                                                                                             ;
+---------------------------+--------------+-------------------------+---------------------+------------------------------------+
; Module Name               ; Elapsed Time ; Average Processors Used ; Peak Virtual Memory ; Total CPU Time (on all processors) ;
+---------------------------+--------------+-------------------------+---------------------+------------------------------------+
; Analysis & Synthesis      ; 00:00:34     ; 1.0                     ; 364 MB              ; 00:00:30                           ;
; Fitter                    ; 00:01:43     ; 1.0                     ; 489 MB              ; 00:01:39                           ;
; Assembler                 ; 00:00:07     ; 1.0                     ; 336 MB              ; 00:00:06                           ;
; TimeQuest Timing Analyzer ; 00:00:08     ; 1.0                     ; 326 MB              ; 00:00:06                           ;
; MIF/HEX Update            ; 00:00:04     ; 1.0                     ; 341 MB              ; 00:00:04                           ;
; Assembler                 ; 00:00:07     ; 1.0                     ; 336 MB              ; 00:00:07                           ;
; MIF/HEX Update            ; 00:00:04     ; 1.0                     ; 341 MB              ; 00:00:04                           ;
; Assembler                 ; 00:00:07     ; 1.0                     ; 336 MB              ; 00:00:07                           ;
; MIF/HEX Update            ; 00:00:04     ; 1.0                     ; 341 MB              ; 00:00:03                           ;
; Assembler                 ; 00:00:07     ; 1.0                     ; 336 MB              ; 00:00:06                           ;
; MIF/HEX Update            ; 00:00:05     ; 1.0                     ; 341 MB              ; 00:00:03                           ;
; Assembler                 ; 00:00:07     ; 1.0                     ; 336 MB              ; 00:00:07                           ;
; MIF/HEX Update            ; 00:00:04     ; 1.0                     ; 341 MB              ; 00:00:04                           ;
; Assembler                 ; 00:00:06     ; 1.0                     ; 336 MB              ; 00:00:06                           ;
; Total                     ; 00:03:27     ; --                      ; --                  ; 00:03:12                           ;
+---------------------------+--------------+-------------------------+---------------------+------------------------------------+


+-----------------------------------------------------------------------------------------+
; Flow OS Summary                                                                         ;
+---------------------------+------------------+------------+------------+----------------+
; Module Name               ; Machine Hostname ; OS Name    ; OS Version ; Processor type ;
+---------------------------+------------------+------------+------------+----------------+
; Analysis & Synthesis      ; universi-558b08  ; Windows XP ; 5.1        ; i686           ;
; Fitter                    ; universi-558b08  ; Windows XP ; 5.1        ; i686           ;
; Assembler                 ; universi-558b08  ; Windows XP ; 5.1        ; i686           ;
; TimeQuest Timing Analyzer ; universi-558b08  ; Windows XP ; 5.1        ; i686           ;
; MIF/HEX Update            ; universi-558b08  ; Windows XP ; 5.1        ; i686           ;
; Assembler                 ; universi-558b08  ; Windows XP ; 5.1        ; i686           ;
; MIF/HEX Update            ; universi-558b08  ; Windows XP ; 5.1        ; i686           ;
; Assembler                 ; universi-558b08  ; Windows XP ; 5.1        ; i686           ;
; MIF/HEX Update            ; universi-558b08  ; Windows XP ; 5.1        ; i686           ;
; Assembler                 ; universi-558b08  ; Windows XP ; 5.1        ; i686           ;
; MIF/HEX Update            ; universi-558b08  ; Windows XP ; 5.1        ; i686           ;
; Assembler                 ; universi-558b08  ; Windows XP ; 5.1        ; i686           ;
; MIF/HEX Update            ; universi-558b08  ; Windows XP ; 5.1        ; i686           ;
; Assembler                 ; universi-558b08  ; Windows XP ; 5.1        ; i686           ;
+---------------------------+------------------+------------+------------+----------------+


------------
; Flow Log ;
------------
quartus_map --read_settings_files=on --write_settings_files=off RegFile -c RegFile
quartus_fit --read_settings_files=off --write_settings_files=off RegFile -c RegFile
quartus_asm --read_settings_files=off --write_settings_files=off RegFile -c RegFile
quartus_sta RegFile -c RegFile
quartus_cdb RegFile -c RegFile --update_mif
quartus_asm --read_settings_files=on --write_settings_files=off RegFile -c RegFile
quartus_cdb RegFile -c RegFile --update_mif
quartus_asm --read_settings_files=on --write_settings_files=off RegFile -c RegFile
quartus_cdb RegFile -c RegFile --update_mif
quartus_asm --read_settings_files=on --write_settings_files=off RegFile -c RegFile
quartus_cdb RegFile -c RegFile --update_mif
quartus_asm --read_settings_files=on --write_settings_files=off RegFile -c RegFile
quartus_cdb RegFile -c RegFile --update_mif
quartus_asm --read_settings_files=on --write_settings_files=off RegFile -c RegFile



